<?xml version="1.0" encoding="UTF-8"?>
<testsuite xmlns:xsi="http://www.w3.org/2001/XMLSchema-instance" xsi:schemaLocation="https://maven.apache.org/surefire/maven-surefire-plugin/xsd/surefire-test-report.xsd" name="TestSuite" time="60.859" tests="3" errors="0" skipped="2" failures="1">
  <properties>
    <property name="java.runtime.name" value="Java(TM) SE Runtime Environment"/>
    <property name="sun.boot.library.path" value="C:\Program Files\Java\jdk1.8.0_144\jre\bin"/>
    <property name="java.vm.version" value="25.144-b01"/>
    <property name="java.vm.vendor" value="Oracle Corporation"/>
    <property name="maven.multiModuleProjectDirectory" value="E:\SMITA_JBK_SELENIUM\AbcTest"/>
    <property name="java.vendor.url" value="http://java.oracle.com/"/>
    <property name="path.separator" value=";"/>
    <property name="guice.disable.misplaced.annotation.check" value="true"/>
    <property name="java.vm.name" value="Java HotSpot(TM) 64-Bit Server VM"/>
    <property name="file.encoding.pkg" value="sun.io"/>
    <property name="user.script" value=""/>
    <property name="user.country" value="US"/>
    <property name="sun.java.launcher" value="SUN_STANDARD"/>
    <property name="sun.os.patch.level" value=""/>
    <property name="java.vm.specification.name" value="Java Virtual Machine Specification"/>
    <property name="user.dir" value="E:\SMITA_JBK_SELENIUM\AbcTest"/>
    <property name="java.runtime.version" value="1.8.0_144-b01"/>
    <property name="java.awt.graphicsenv" value="sun.awt.Win32GraphicsEnvironment"/>
    <property name="basedir" value="E:\SMITA_JBK_SELENIUM\AbcTest"/>
    <property name="java.endorsed.dirs" value="C:\Program Files\Java\jdk1.8.0_144\jre\lib\endorsed"/>
    <property name="os.arch" value="amd64"/>
    <property name="java.io.tmpdir" value="C:\Users\Djay\AppData\Local\Temp\"/>
    <property name="line.separator" value="&#10;"/>
    <property name="java.vm.specification.vendor" value="Oracle Corporation"/>
    <property name="user.variant" value=""/>
    <property name="os.name" value="Windows 8.1"/>
    <property name="classworlds.conf" value="E:\SMITA_JBK_SELENIUM\.metadata\.plugins\org.eclipse.m2e.launching\launches\m2conf6099657411766218281.tmp"/>
    <property name="sun.jnu.encoding" value="Cp1252"/>
    <property name="java.library.path" value="C:\Program Files\Java\jdk1.8.0_144\bin;C:\Windows\Sun\Java\bin;C:\Windows\system32;C:\Windows;C:/Program Files/Java/jre1.8.0_144/bin/server;C:/Program Files/Java/jre1.8.0_144/bin;C:/Program Files/Java/jre1.8.0_144/lib/amd64;C:\ProgramData\Oracle\Java\javapath;C:\Program Files (x86)\Common Files\lenovo\easyplussdk\bin;C:\Program Files (x86)\Microsoft SQL Server\100\Tools\Binn\;C:\Program Files\Microsoft SQL Server\100\Tools\Binn\;C:\Program Files\Microsoft SQL Server\100\DTS\Binn\;C:\Program Files\Java\jdk1.8.0_144\bin;F:\apache-maven-3.5.0-bin\apache-maven-3.5.0\bin;C:\Program Files\Microsoft VS Code\bin;F:\smita eclipse\eclipse;;."/>
    <property name="surefire.test.class.path" value="E:\SMITA_JBK_SELENIUM\AbcTest\target\test-classes;E:\SMITA_JBK_SELENIUM\AbcTest\target\classes;C:\Users\Djay\.m2\repository\junit\junit\3.8.1\junit-3.8.1.jar;C:\Users\Djay\.m2\repository\org\seleniumhq\selenium\selenium-java\2.45.0\selenium-java-2.45.0.jar;C:\Users\Djay\.m2\repository\org\seleniumhq\selenium\selenium-chrome-driver\2.45.0\selenium-chrome-driver-2.45.0.jar;C:\Users\Djay\.m2\repository\org\seleniumhq\selenium\selenium-remote-driver\2.45.0\selenium-remote-driver-2.45.0.jar;C:\Users\Djay\.m2\repository\cglib\cglib-nodep\2.1_3\cglib-nodep-2.1_3.jar;C:\Users\Djay\.m2\repository\com\google\code\gson\gson\2.3.1\gson-2.3.1.jar;C:\Users\Djay\.m2\repository\org\seleniumhq\selenium\selenium-api\2.45.0\selenium-api-2.45.0.jar;C:\Users\Djay\.m2\repository\com\google\guava\guava\18.0\guava-18.0.jar;C:\Users\Djay\.m2\repository\org\seleniumhq\selenium\selenium-htmlunit-driver\2.45.0\selenium-htmlunit-driver-2.45.0.jar;C:\Users\Djay\.m2\repository\net\sourceforge\htmlunit\htmlunit\2.15\htmlunit-2.15.jar;C:\Users\Djay\.m2\repository\xalan\xalan\2.7.1\xalan-2.7.1.jar;C:\Users\Djay\.m2\repository\xalan\serializer\2.7.1\serializer-2.7.1.jar;C:\Users\Djay\.m2\repository\commons-collections\commons-collections\3.2.1\commons-collections-3.2.1.jar;C:\Users\Djay\.m2\repository\org\apache\commons\commons-lang3\3.3.2\commons-lang3-3.3.2.jar;C:\Users\Djay\.m2\repository\org\apache\httpcomponents\httpmime\4.3.3\httpmime-4.3.3.jar;C:\Users\Djay\.m2\repository\commons-codec\commons-codec\1.9\commons-codec-1.9.jar;C:\Users\Djay\.m2\repository\net\sourceforge\htmlunit\htmlunit-core-js\2.15\htmlunit-core-js-2.15.jar;C:\Users\Djay\.m2\repository\xerces\xercesImpl\2.11.0\xercesImpl-2.11.0.jar;C:\Users\Djay\.m2\repository\xml-apis\xml-apis\1.4.01\xml-apis-1.4.01.jar;C:\Users\Djay\.m2\repository\net\sourceforge\nekohtml\nekohtml\1.9.21\nekohtml-1.9.21.jar;C:\Users\Djay\.m2\repository\net\sourceforge\cssparser\cssparser\0.9.14\cssparser-0.9.14.jar;C:\Users\Djay\.m2\repository\org\w3c\css\sac\1.3\sac-1.3.jar;C:\Users\Djay\.m2\repository\commons-logging\commons-logging\1.1.3\commons-logging-1.1.3.jar;C:\Users\Djay\.m2\repository\org\eclipse\jetty\jetty-websocket\8.1.15.v20140411\jetty-websocket-8.1.15.v20140411.jar;C:\Users\Djay\.m2\repository\org\eclipse\jetty\jetty-util\8.1.15.v20140411\jetty-util-8.1.15.v20140411.jar;C:\Users\Djay\.m2\repository\org\eclipse\jetty\jetty-io\8.1.15.v20140411\jetty-io-8.1.15.v20140411.jar;C:\Users\Djay\.m2\repository\org\eclipse\jetty\jetty-http\8.1.15.v20140411\jetty-http-8.1.15.v20140411.jar;C:\Users\Djay\.m2\repository\org\apache\httpcomponents\httpclient\4.3.6\httpclient-4.3.6.jar;C:\Users\Djay\.m2\repository\org\apache\httpcomponents\httpcore\4.3.3\httpcore-4.3.3.jar;C:\Users\Djay\.m2\repository\org\seleniumhq\selenium\selenium-firefox-driver\2.45.0\selenium-firefox-driver-2.45.0.jar;C:\Users\Djay\.m2\repository\commons-io\commons-io\2.4\commons-io-2.4.jar;C:\Users\Djay\.m2\repository\org\apache\commons\commons-exec\1.1\commons-exec-1.1.jar;C:\Users\Djay\.m2\repository\org\seleniumhq\selenium\selenium-ie-driver\2.45.0\selenium-ie-driver-2.45.0.jar;C:\Users\Djay\.m2\repository\net\java\dev\jna\jna\3.4.0\jna-3.4.0.jar;C:\Users\Djay\.m2\repository\net\java\dev\jna\platform\3.4.0\platform-3.4.0.jar;C:\Users\Djay\.m2\repository\org\seleniumhq\selenium\selenium-safari-driver\2.45.0\selenium-safari-driver-2.45.0.jar;C:\Users\Djay\.m2\repository\org\seleniumhq\selenium\selenium-support\2.45.0\selenium-support-2.45.0.jar;C:\Users\Djay\.m2\repository\org\webbitserver\webbit\0.4.14\webbit-0.4.14.jar;C:\Users\Djay\.m2\repository\io\netty\netty\3.5.2.Final\netty-3.5.2.Final.jar;C:\Users\Djay\.m2\repository\org\seleniumhq\selenium\selenium-leg-rc\2.45.0\selenium-leg-rc-2.45.0.jar;C:\Users\Djay\.m2\repository\org\testng\testng\6.8\testng-6.8.jar;C:\Users\Djay\.m2\repository\org\beanshell\bsh\2.0b4\bsh-2.0b4.jar;C:\Users\Djay\.m2\repository\com\beust\jcommander\1.27\jcommander-1.27.jar;C:\Users\Djay\.m2\repository\org\yaml\snakeyaml\1.6\snakeyaml-1.6.jar;C:\Users\Djay\.m2\repository\org\apache\maven\surefire\surefire-testng-utils\2.19.1\surefire-testng-utils-2.19.1.jar;C:\Users\Djay\.m2\repository\org\apache\maven\surefire\surefire-grouper\2.19.1\surefire-grouper-2.19.1.jar;"/>
    <property name="java.specification.name" value="Java Platform API Specification"/>
    <property name="java.class.version" value="52.0"/>
    <property name="sun.management.compiler" value="HotSpot 64-Bit Tiered Compilers"/>
    <property name="os.version" value="6.3"/>
    <property name="user.home" value="C:\Users\Djay"/>
    <property name="user.timezone" value="Asia/Calcutta"/>
    <property name="java.awt.printerjob" value="sun.awt.windows.WPrinterJob"/>
    <property name="java.specification.version" value="1.8"/>
    <property name="file.encoding" value="Cp1252"/>
    <property name="user.name" value="Djay"/>
    <property name="java.class.path" value="F:\smita eclipse\eclipse\plugins\org.eclipse.m2e.maven.runtime_1.8.3.20180227-2135\jars\plexus-classworlds-2.5.2.jar"/>
    <property name="java.vm.specification.version" value="1.8"/>
    <property name="sun.arch.data.model" value="64"/>
    <property name="java.home" value="C:\Program Files\Java\jdk1.8.0_144\jre"/>
    <property name="sun.java.command" value="org.codehaus.plexus.classworlds.launcher.Launcher -B test"/>
    <property name="java.specification.vendor" value="Oracle Corporation"/>
    <property name="user.language" value="en"/>
    <property name="awt.toolkit" value="sun.awt.windows.WToolkit"/>
    <property name="java.vm.info" value="mixed mode"/>
    <property name="java.version" value="1.8.0_144"/>
    <property name="java.ext.dirs" value="C:\Program Files\Java\jdk1.8.0_144\jre\lib\ext;C:\Windows\Sun\Java\lib\ext"/>
    <property name="sun.boot.class.path" value="C:\Program Files\Java\jdk1.8.0_144\jre\lib\resources.jar;C:\Program Files\Java\jdk1.8.0_144\jre\lib\rt.jar;C:\Program Files\Java\jdk1.8.0_144\jre\lib\sunrsasign.jar;C:\Program Files\Java\jdk1.8.0_144\jre\lib\jsse.jar;C:\Program Files\Java\jdk1.8.0_144\jre\lib\jce.jar;C:\Program Files\Java\jdk1.8.0_144\jre\lib\charsets.jar;C:\Program Files\Java\jdk1.8.0_144\jre\lib\jfr.jar;C:\Program Files\Java\jdk1.8.0_144\jre\classes"/>
    <property name="java.vendor" value="Oracle Corporation"/>
    <property name="maven.home" value="E:\SMITA_JBK_SELENIUM\AbcTest\EMBEDDED"/>
    <property name="localRepository" value="C:\Users\Djay\.m2\repository"/>
    <property name="file.separator" value="\"/>
    <property name="java.vendor.url.bug" value="http://bugreport.sun.com/bugreport/"/>
    <property name="sun.cpu.endian" value="little"/>
    <property name="sun.io.unicode.encoding" value="UnicodeLittle"/>
    <property name="sun.desktop" value="windows"/>
    <property name="sun.cpu.isalist" value="amd64"/>
  </properties>
  <testcase name="beforeTest" classname="example.NewTest" time="59.2">
    <failure message="Failed to connect to binary FirefoxBinary(C:\Program Files (x86)\Mozilla Firefox\firefox.exe) on port 7056; process output follows: &#10;\Program Files (x86)\\Mozilla Firefox\\browser\\features\\loop@mozilla.org.xpi&quot;,&quot;e&quot;:true,&quot;v&quot;:&quot;1.2.6&quot;,&quot;st&quot;:1462246394000}},&quot;app-global&quot;:{&quot;{972ce4c6-7e08-4474-a285-3208198ce6fd}&quot;:{&quot;d&quot;:&quot;C:\\Program Files (x86)\\Mozilla Firefox\\browser\\extensions\\{972ce4c6-7e08-4474-a285-3208198ce6fd}.xpi&quot;,&quot;e&quot;:true,&quot;v&quot;:&quot;46.0.1&quot;,&quot;st&quot;:1462246394000}}}&#10;1538049317626	addons.xpi	DEBUG	No changes found&#10;1538049317631	addons.xpi	DEBUG	Registering manifest for C:\Program Files (x86)\Mozilla Firefox\browser\features\e10srollout@mozilla.org.xpi&#10;1538049317632	addons.xpi	DEBUG	Loading bootstrap scope from C:\Program Files (x86)\Mozilla Firefox\browser\features\e10srollout@mozilla.org.xpi&#10;1538049317643	addons.xpi	DEBUG	Calling bootstrap method startup on e10srollout@mozilla.org version 1.0&#10;1538049317643	addons.xpi	DEBUG	Registering manifest for C:\Program Files (x86)\Mozilla Firefox\browser\features\firefox@getpocket.com.xpi&#10;1538049317644	addons.xpi	DEBUG	Loading bootstrap scope from C:\Program Files (x86)\Mozilla Firefox\browser\features\firefox@getpocket.com.xpi&#10;1538049317648	addons.xpi	DEBUG	Calling bootstrap method startup on firefox@getpocket.com version 1.0&#10;1538049317654	addons.xpi-utils	DEBUG	Starting async load of XPI database C:\Users\Djay\AppData\Local\Temp\anonymous6401189021329007389webdriver-profile\extensions.json&#10;1538049317655	addons.xpi	DEBUG	Registering manifest for C:\Program Files (x86)\Mozilla Firefox\browser\features\loop@mozilla.org.xpi&#10;1538049317671	addons.xpi	DEBUG	Loading bootstrap scope from C:\Program Files (x86)\Mozilla Firefox\browser\features\loop@mozilla.org.xpi&#10;1538049317676	addons.xpi	DEBUG	Calling bootstrap method startup on loop@mozilla.org version 1.2.6&#10;1538049317694	addons.manager	DEBUG	Registering shutdown blocker for XPIProvider&#10;1538049317694	addons.manager	DEBUG	Provider finished startup: XPIProvider&#10;1538049317694	addons.manager	DEBUG	Starting provider: LightweightThemeManager&#10;1538049317694	addons.manager	DEBUG	Registering shutdown blocker for LightweightThemeManager&#10;1538049317694	addons.manager	DEBUG	Provider finished startup: LightweightThemeManager&#10;1538049317695	addons.manager	DEBUG	Starting provider: GMPProvider&#10;1538049317701	addons.manager	DEBUG	Registering shutdown blocker for GMPProvider&#10;1538049317701	addons.manager	DEBUG	Provider finished startup: GMPProvider&#10;1538049317701	addons.manager	DEBUG	Starting provider: PluginProvider&#10;1538049317701	addons.manager	DEBUG	Registering shutdown blocker for PluginProvider&#10;1538049317701	addons.manager	DEBUG	Provider finished startup: PluginProvider&#10;1538049317702	addons.manager	DEBUG	Completed startup sequence&#10;Crash Annotation GraphicsCriticalError: |[0][GFX1-]: PossiblyBrokenSurfaceSharing_UnexpectedAMDGPU (t=2.227)[GFX1-]: PossiblyBrokenSurfaceSharing_UnexpectedAMDGPU&#10;Crash Annotation GraphicsCriticalError: |[0][GFX1-]: PossiblyBrokenSurfaceSharing_UnexpectedAMDGPU (t=2.227)|[1][GFX1-]: PossiblyBrokenSurfaceSharing_UnexpectedAMDGPU (t=2.227)[GFX1-]: PossiblyBrokenSurfaceSharing_UnexpectedAMDGPU&#10;1538049317919	addons.xpi-utils	DEBUG	Async JSON file read took 0 MS&#10;1538049317919	addons.xpi-utils	DEBUG	Finished async read of XPI database, parsing...&#10;1538049317921	addons.xpi-utils	DEBUG	Successfully read XPI database&#10;1538049317930	addons.manager	DEBUG	Starting provider: &lt;unnamed-provider&gt;&#10;1538049317930	addons.manager	DEBUG	Registering shutdown blocker for &lt;unnamed-provider&gt;&#10;1538049317930	addons.manager	DEBUG	Provider finished startup: &lt;unnamed-provider&gt;&#10;*** Blocklist::_loadBlocklistFromFile: blocklist is disabled&#10;1538049318016	addons.manager	DEBUG	Starting provider: PreviousExperimentProvider&#10;1538049318016	addons.manager	DEBUG	Registering shutdown blocker for PreviousExperimentProvider&#10;1538049318016	addons.manager	DEBUG	Provider finished startup: PreviousExperimentProvider&#10;JavaScript warning: https://www.googletagmanager.com/gtm.js?id=GTM-MW3R8V&amp;l=dataLayer, line 5278: mutating the [[Prototype]] of an object will cause your code to run very slowly; instead create the object with the correct initial [[Prototype]] value using Object.create&#10;&#10;Build info: version: &apos;2.45.0&apos;, revision: &apos;5017cb8e7ca8e37638dc3091b2440b90a1d8686f&apos;, time: &apos;2015-02-27 09:10:26&apos;&#10;System info: host: &apos;JAY&apos;, ip: &apos;192.168.43.59&apos;, os.name: &apos;Windows 8.1&apos;, os.arch: &apos;amd64&apos;, os.version: &apos;6.3&apos;, java.version: &apos;1.8.0_144&apos;&#10;Driver info: driver.version: FirefoxDriver" type="org.openqa.selenium.WebDriverException"><![CDATA[org.openqa.selenium.WebDriverException: 
Failed to connect to binary FirefoxBinary(C:\Program Files (x86)\Mozilla Firefox\firefox.exe) on port 7056; process output follows: 
\Program Files (x86)\\Mozilla Firefox\\browser\\features\\loop@mozilla.org.xpi","e":true,"v":"1.2.6","st":1462246394000}},"app-global":{"{972ce4c6-7e08-4474-a285-3208198ce6fd}":{"d":"C:\\Program Files (x86)\\Mozilla Firefox\\browser\\extensions\\{972ce4c6-7e08-4474-a285-3208198ce6fd}.xpi","e":true,"v":"46.0.1","st":1462246394000}}}
1538049317626	addons.xpi	DEBUG	No changes found
1538049317631	addons.xpi	DEBUG	Registering manifest for C:\Program Files (x86)\Mozilla Firefox\browser\features\e10srollout@mozilla.org.xpi
1538049317632	addons.xpi	DEBUG	Loading bootstrap scope from C:\Program Files (x86)\Mozilla Firefox\browser\features\e10srollout@mozilla.org.xpi
1538049317643	addons.xpi	DEBUG	Calling bootstrap method startup on e10srollout@mozilla.org version 1.0
1538049317643	addons.xpi	DEBUG	Registering manifest for C:\Program Files (x86)\Mozilla Firefox\browser\features\firefox@getpocket.com.xpi
1538049317644	addons.xpi	DEBUG	Loading bootstrap scope from C:\Program Files (x86)\Mozilla Firefox\browser\features\firefox@getpocket.com.xpi
1538049317648	addons.xpi	DEBUG	Calling bootstrap method startup on firefox@getpocket.com version 1.0
1538049317654	addons.xpi-utils	DEBUG	Starting async load of XPI database C:\Users\Djay\AppData\Local\Temp\anonymous6401189021329007389webdriver-profile\extensions.json
1538049317655	addons.xpi	DEBUG	Registering manifest for C:\Program Files (x86)\Mozilla Firefox\browser\features\loop@mozilla.org.xpi
1538049317671	addons.xpi	DEBUG	Loading bootstrap scope from C:\Program Files (x86)\Mozilla Firefox\browser\features\loop@mozilla.org.xpi
1538049317676	addons.xpi	DEBUG	Calling bootstrap method startup on loop@mozilla.org version 1.2.6
1538049317694	addons.manager	DEBUG	Registering shutdown blocker for XPIProvider
1538049317694	addons.manager	DEBUG	Provider finished startup: XPIProvider
1538049317694	addons.manager	DEBUG	Starting provider: LightweightThemeManager
1538049317694	addons.manager	DEBUG	Registering shutdown blocker for LightweightThemeManager
1538049317694	addons.manager	DEBUG	Provider finished startup: LightweightThemeManager
1538049317695	addons.manager	DEBUG	Starting provider: GMPProvider
1538049317701	addons.manager	DEBUG	Registering shutdown blocker for GMPProvider
1538049317701	addons.manager	DEBUG	Provider finished startup: GMPProvider
1538049317701	addons.manager	DEBUG	Starting provider: PluginProvider
1538049317701	addons.manager	DEBUG	Registering shutdown blocker for PluginProvider
1538049317701	addons.manager	DEBUG	Provider finished startup: PluginProvider
1538049317702	addons.manager	DEBUG	Completed startup sequence
Crash Annotation GraphicsCriticalError: |[0][GFX1-]: PossiblyBrokenSurfaceSharing_UnexpectedAMDGPU (t=2.227)[GFX1-]: PossiblyBrokenSurfaceSharing_UnexpectedAMDGPU
Crash Annotation GraphicsCriticalError: |[0][GFX1-]: PossiblyBrokenSurfaceSharing_UnexpectedAMDGPU (t=2.227)|[1][GFX1-]: PossiblyBrokenSurfaceSharing_UnexpectedAMDGPU (t=2.227)[GFX1-]: PossiblyBrokenSurfaceSharing_UnexpectedAMDGPU
1538049317919	addons.xpi-utils	DEBUG	Async JSON file read took 0 MS
1538049317919	addons.xpi-utils	DEBUG	Finished async read of XPI database, parsing...
1538049317921	addons.xpi-utils	DEBUG	Successfully read XPI database
1538049317930	addons.manager	DEBUG	Starting provider: <unnamed-provider>
1538049317930	addons.manager	DEBUG	Registering shutdown blocker for <unnamed-provider>
1538049317930	addons.manager	DEBUG	Provider finished startup: <unnamed-provider>
*** Blocklist::_loadBlocklistFromFile: blocklist is disabled
1538049318016	addons.manager	DEBUG	Starting provider: PreviousExperimentProvider
1538049318016	addons.manager	DEBUG	Registering shutdown blocker for PreviousExperimentProvider
1538049318016	addons.manager	DEBUG	Provider finished startup: PreviousExperimentProvider
JavaScript warning: https://www.googletagmanager.com/gtm.js?id=GTM-MW3R8V&l=dataLayer, line 5278: mutating the [[Prototype]] of an object will cause your code to run very slowly; instead create the object with the correct initial [[Prototype]] value using Object.create

Build info: version: '2.45.0', revision: '5017cb8e7ca8e37638dc3091b2440b90a1d8686f', time: '2015-02-27 09:10:26'
System info: host: 'JAY', ip: '192.168.43.59', os.name: 'Windows 8.1', os.arch: 'amd64', os.version: '6.3', java.version: '1.8.0_144'
Driver info: driver.version: FirefoxDriver
	at example.NewTest.beforeTest(NewTest.java:21)
Caused by: org.openqa.selenium.firefox.NotConnectedException: 
Unable to connect to host 127.0.0.1 on port 7056 after 45000 ms. Firefox console output:
\Program Files (x86)\\Mozilla Firefox\\browser\\features\\loop@mozilla.org.xpi","e":true,"v":"1.2.6","st":1462246394000}},"app-global":{"{972ce4c6-7e08-4474-a285-3208198ce6fd}":{"d":"C:\\Program Files (x86)\\Mozilla Firefox\\browser\\extensions\\{972ce4c6-7e08-4474-a285-3208198ce6fd}.xpi","e":true,"v":"46.0.1","st":1462246394000}}}
1538049317626	addons.xpi	DEBUG	No changes found
1538049317631	addons.xpi	DEBUG	Registering manifest for C:\Program Files (x86)\Mozilla Firefox\browser\features\e10srollout@mozilla.org.xpi
1538049317632	addons.xpi	DEBUG	Loading bootstrap scope from C:\Program Files (x86)\Mozilla Firefox\browser\features\e10srollout@mozilla.org.xpi
1538049317643	addons.xpi	DEBUG	Calling bootstrap method startup on e10srollout@mozilla.org version 1.0
1538049317643	addons.xpi	DEBUG	Registering manifest for C:\Program Files (x86)\Mozilla Firefox\browser\features\firefox@getpocket.com.xpi
1538049317644	addons.xpi	DEBUG	Loading bootstrap scope from C:\Program Files (x86)\Mozilla Firefox\browser\features\firefox@getpocket.com.xpi
1538049317648	addons.xpi	DEBUG	Calling bootstrap method startup on firefox@getpocket.com version 1.0
1538049317654	addons.xpi-utils	DEBUG	Starting async load of XPI database C:\Users\Djay\AppData\Local\Temp\anonymous6401189021329007389webdriver-profile\extensions.json
1538049317655	addons.xpi	DEBUG	Registering manifest for C:\Program Files (x86)\Mozilla Firefox\browser\features\loop@mozilla.org.xpi
1538049317671	addons.xpi	DEBUG	Loading bootstrap scope from C:\Program Files (x86)\Mozilla Firefox\browser\features\loop@mozilla.org.xpi
1538049317676	addons.xpi	DEBUG	Calling bootstrap method startup on loop@mozilla.org version 1.2.6
1538049317694	addons.manager	DEBUG	Registering shutdown blocker for XPIProvider
1538049317694	addons.manager	DEBUG	Provider finished startup: XPIProvider
1538049317694	addons.manager	DEBUG	Starting provider: LightweightThemeManager
1538049317694	addons.manager	DEBUG	Registering shutdown blocker for LightweightThemeManager
1538049317694	addons.manager	DEBUG	Provider finished startup: LightweightThemeManager
1538049317695	addons.manager	DEBUG	Starting provider: GMPProvider
1538049317701	addons.manager	DEBUG	Registering shutdown blocker for GMPProvider
1538049317701	addons.manager	DEBUG	Provider finished startup: GMPProvider
1538049317701	addons.manager	DEBUG	Starting provider: PluginProvider
1538049317701	addons.manager	DEBUG	Registering shutdown blocker for PluginProvider
1538049317701	addons.manager	DEBUG	Provider finished startup: PluginProvider
1538049317702	addons.manager	DEBUG	Completed startup sequence
Crash Annotation GraphicsCriticalError: |[0][GFX1-]: PossiblyBrokenSurfaceSharing_UnexpectedAMDGPU (t=2.227)[GFX1-]: PossiblyBrokenSurfaceSharing_UnexpectedAMDGPU
Crash Annotation GraphicsCriticalError: |[0][GFX1-]: PossiblyBrokenSurfaceSharing_UnexpectedAMDGPU (t=2.227)|[1][GFX1-]: PossiblyBrokenSurfaceSharing_UnexpectedAMDGPU (t=2.227)[GFX1-]: PossiblyBrokenSurfaceSharing_UnexpectedAMDGPU
1538049317919	addons.xpi-utils	DEBUG	Async JSON file read took 0 MS
1538049317919	addons.xpi-utils	DEBUG	Finished async read of XPI database, parsing...
1538049317921	addons.xpi-utils	DEBUG	Successfully read XPI database
1538049317930	addons.manager	DEBUG	Starting provider: <unnamed-provider>
1538049317930	addons.manager	DEBUG	Registering shutdown blocker for <unnamed-provider>
1538049317930	addons.manager	DEBUG	Provider finished startup: <unnamed-provider>
*** Blocklist::_loadBlocklistFromFile: blocklist is disabled
1538049318016	addons.manager	DEBUG	Starting provider: PreviousExperimentProvider
1538049318016	addons.manager	DEBUG	Registering shutdown blocker for PreviousExperimentProvider
1538049318016	addons.manager	DEBUG	Provider finished startup: PreviousExperimentProvider
JavaScript warning: https://www.googletagmanager.com/gtm.js?id=GTM-MW3R8V&l=dataLayer, line 5278: mutating the [[Prototype]] of an object will cause your code to run very slowly; instead create the object with the correct initial [[Prototype]] value using Object.create

	at example.NewTest.beforeTest(NewTest.java:21)
]]></failure>
    <system-err><![CDATA[org.openqa.selenium.firefox.NotConnectedException: Unable to connect to host 127.0.0.1 on port 7056 after 45000 ms. Firefox console output:
\Program Files (x86)\\Mozilla Firefox\\browser\\features\\loop@mozilla.org.xpi","e":true,"v":"1.2.6","st":1462246394000}},"app-global":{"{972ce4c6-7e08-4474-a285-3208198ce6fd}":{"d":"C:\\Program Files (x86)\\Mozilla Firefox\\browser\\extensions\\{972ce4c6-7e08-4474-a285-3208198ce6fd}.xpi","e":true,"v":"46.0.1","st":1462246394000}}}
1538049317626	addons.xpi	DEBUG	No changes found
1538049317631	addons.xpi	DEBUG	Registering manifest for C:\Program Files (x86)\Mozilla Firefox\browser\features\e10srollout@mozilla.org.xpi
1538049317632	addons.xpi	DEBUG	Loading bootstrap scope from C:\Program Files (x86)\Mozilla Firefox\browser\features\e10srollout@mozilla.org.xpi
1538049317643	addons.xpi	DEBUG	Calling bootstrap method startup on e10srollout@mozilla.org version 1.0
1538049317643	addons.xpi	DEBUG	Registering manifest for C:\Program Files (x86)\Mozilla Firefox\browser\features\firefox@getpocket.com.xpi
1538049317644	addons.xpi	DEBUG	Loading bootstrap scope from C:\Program Files (x86)\Mozilla Firefox\browser\features\firefox@getpocket.com.xpi
1538049317648	addons.xpi	DEBUG	Calling bootstrap method startup on firefox@getpocket.com version 1.0
1538049317654	addons.xpi-utils	DEBUG	Starting async load of XPI database C:\Users\Djay\AppData\Local\Temp\anonymous6401189021329007389webdriver-profile\extensions.json
1538049317655	addons.xpi	DEBUG	Registering manifest for C:\Program Files (x86)\Mozilla Firefox\browser\features\loop@mozilla.org.xpi
1538049317671	addons.xpi	DEBUG	Loading bootstrap scope from C:\Program Files (x86)\Mozilla Firefox\browser\features\loop@mozilla.org.xpi
1538049317676	addons.xpi	DEBUG	Calling bootstrap method startup on loop@mozilla.org version 1.2.6
1538049317694	addons.manager	DEBUG	Registering shutdown blocker for XPIProvider
1538049317694	addons.manager	DEBUG	Provider finished startup: XPIProvider
1538049317694	addons.manager	DEBUG	Starting provider: LightweightThemeManager
1538049317694	addons.manager	DEBUG	Registering shutdown blocker for LightweightThemeManager
1538049317694	addons.manager	DEBUG	Provider finished startup: LightweightThemeManager
1538049317695	addons.manager	DEBUG	Starting provider: GMPProvider
1538049317701	addons.manager	DEBUG	Registering shutdown blocker for GMPProvider
1538049317701	addons.manager	DEBUG	Provider finished startup: GMPProvider
1538049317701	addons.manager	DEBUG	Starting provider: PluginProvider
1538049317701	addons.manager	DEBUG	Registering shutdown blocker for PluginProvider
1538049317701	addons.manager	DEBUG	Provider finished startup: PluginProvider
1538049317702	addons.manager	DEBUG	Completed startup sequence
Crash Annotation GraphicsCriticalError: |[0][GFX1-]: PossiblyBrokenSurfaceSharing_UnexpectedAMDGPU (t=2.227)[GFX1-]: PossiblyBrokenSurfaceSharing_UnexpectedAMDGPU
Crash Annotation GraphicsCriticalError: |[0][GFX1-]: PossiblyBrokenSurfaceSharing_UnexpectedAMDGPU (t=2.227)|[1][GFX1-]: PossiblyBrokenSurfaceSharing_UnexpectedAMDGPU (t=2.227)[GFX1-]: PossiblyBrokenSurfaceSharing_UnexpectedAMDGPU
1538049317919	addons.xpi-utils	DEBUG	Async JSON file read took 0 MS
1538049317919	addons.xpi-utils	DEBUG	Finished async read of XPI database, parsing...
1538049317921	addons.xpi-utils	DEBUG	Successfully read XPI database
1538049317930	addons.manager	DEBUG	Starting provider: <unnamed-provider>
1538049317930	addons.manager	DEBUG	Registering shutdown blocker for <unnamed-provider>
1538049317930	addons.manager	DEBUG	Provider finished startup: <unnamed-provider>
*** Blocklist::_loadBlocklistFromFile: blocklist is disabled
1538049318016	addons.manager	DEBUG	Starting provider: PreviousExperimentProvider
1538049318016	addons.manager	DEBUG	Registering shutdown blocker for PreviousExperimentProvider
1538049318016	addons.manager	DEBUG	Provider finished startup: PreviousExperimentProvider
JavaScript warning: https://www.googletagmanager.com/gtm.js?id=GTM-MW3R8V&l=dataLayer, line 5278: mutating the [[Prototype]] of an object will cause your code to run very slowly; instead create the object with the correct initial [[Prototype]] value using Object.create

	at org.openqa.selenium.firefox.internal.NewProfileExtensionConnection.start(NewProfileExtensionConnection.java:118)
	at org.openqa.selenium.firefox.FirefoxDriver.startClient(FirefoxDriver.java:246)
	at org.openqa.selenium.remote.RemoteWebDriver.<init>(RemoteWebDriver.java:114)
	at org.openqa.selenium.firefox.FirefoxDriver.<init>(FirefoxDriver.java:191)
	at org.openqa.selenium.firefox.FirefoxDriver.<init>(FirefoxDriver.java:186)
	at org.openqa.selenium.firefox.FirefoxDriver.<init>(FirefoxDriver.java:182)
	at org.openqa.selenium.firefox.FirefoxDriver.<init>(FirefoxDriver.java:95)
	at example.NewTest.beforeTest(NewTest.java:21)
	at sun.reflect.NativeMethodAccessorImpl.invoke0(Native Method)
	at sun.reflect.NativeMethodAccessorImpl.invoke(NativeMethodAccessorImpl.java:62)
	at sun.reflect.DelegatingMethodAccessorImpl.invoke(DelegatingMethodAccessorImpl.java:43)
	at java.lang.reflect.Method.invoke(Method.java:498)
	at org.testng.internal.MethodInvocationHelper.invokeMethod(MethodInvocationHelper.java:80)
	at org.testng.internal.Invoker.invokeConfigurationMethod(Invoker.java:564)
	at org.testng.internal.Invoker.invokeConfigurations(Invoker.java:213)
	at org.testng.internal.Invoker.invokeConfigurations(Invoker.java:138)
	at org.testng.TestRunner.beforeRun(TestRunner.java:641)
	at org.testng.TestRunner.run(TestRunner.java:609)
	at org.testng.SuiteRunner.runTest(SuiteRunner.java:334)
	at org.testng.SuiteRunner.runSequentially(SuiteRunner.java:329)
	at org.testng.SuiteRunner.privateRun(SuiteRunner.java:291)
	at org.testng.SuiteRunner.run(SuiteRunner.java:240)
	at org.testng.SuiteRunnerWorker.runSuite(SuiteRunnerWorker.java:52)
	at org.testng.SuiteRunnerWorker.run(SuiteRunnerWorker.java:86)
	at org.testng.TestNG.runSuitesSequentially(TestNG.java:1198)
	at org.testng.TestNG.runSuitesLocally(TestNG.java:1123)
	at org.testng.TestNG.run(TestNG.java:1031)
	at org.apache.maven.surefire.testng.TestNGExecutor.run(TestNGExecutor.java:281)
	at org.apache.maven.surefire.testng.TestNGXmlTestSuite.execute(TestNGXmlTestSuite.java:75)
	at org.apache.maven.surefire.testng.TestNGProvider.invoke(TestNGProvider.java:121)
	at sun.reflect.NativeMethodAccessorImpl.invoke0(Native Method)
	at sun.reflect.NativeMethodAccessorImpl.invoke(NativeMethodAccessorImpl.java:62)
	at sun.reflect.DelegatingMethodAccessorImpl.invoke(DelegatingMethodAccessorImpl.java:43)
	at java.lang.reflect.Method.invoke(Method.java:498)
	at org.apache.maven.surefire.util.ReflectionUtils.invokeMethodWithArray2(ReflectionUtils.java:202)
	at org.apache.maven.surefire.booter.ProviderFactory$ProviderProxy.invoke(ProviderFactory.java:155)
	at org.apache.maven.surefire.booter.ProviderFactory.invokeProvider(ProviderFactory.java:81)
	at org.apache.maven.plugin.surefire.InPluginVMSurefireStarter.runSuitesInProcess(InPluginVMSurefireStarter.java:82)
	at org.apache.maven.plugin.surefire.AbstractSurefireMojo.executeProvider(AbstractSurefireMojo.java:1010)
	at org.apache.maven.plugin.surefire.AbstractSurefireMojo.executeAfterPreconditionsChecked(AbstractSurefireMojo.java:862)
	at org.apache.maven.plugin.surefire.AbstractSurefireMojo.execute(AbstractSurefireMojo.java:755)
	at org.apache.maven.plugin.DefaultBuildPluginManager.executeMojo(DefaultBuildPluginManager.java:134)
	at org.apache.maven.lifecycle.internal.MojoExecutor.execute(MojoExecutor.java:207)
	at org.apache.maven.lifecycle.internal.MojoExecutor.execute(MojoExecutor.java:153)
	at org.apache.maven.lifecycle.internal.MojoExecutor.execute(MojoExecutor.java:145)
	at org.apache.maven.lifecycle.internal.LifecycleModuleBuilder.buildProject(LifecycleModuleBuilder.java:116)
	at org.apache.maven.lifecycle.internal.LifecycleModuleBuilder.buildProject(LifecycleModuleBuilder.java:80)
	at org.apache.maven.lifecycle.internal.builder.singlethreaded.SingleThreadedBuilder.build(SingleThreadedBuilder.java:51)
	at org.apache.maven.lifecycle.internal.LifecycleStarter.execute(LifecycleStarter.java:128)
	at org.apache.maven.DefaultMaven.doExecute(DefaultMaven.java:307)
	at org.apache.maven.DefaultMaven.doExecute(DefaultMaven.java:193)
	at org.apache.maven.DefaultMaven.execute(DefaultMaven.java:106)
	at org.apache.maven.cli.MavenCli.execute(MavenCli.java:863)
	at org.apache.maven.cli.MavenCli.doMain(MavenCli.java:288)
	at org.apache.maven.cli.MavenCli.main(MavenCli.java:199)
	at sun.reflect.NativeMethodAccessorImpl.invoke0(Native Method)
	at sun.reflect.NativeMethodAccessorImpl.invoke(NativeMethodAccessorImpl.java:62)
	at sun.reflect.DelegatingMethodAccessorImpl.invoke(DelegatingMethodAccessorImpl.java:43)
	at java.lang.reflect.Method.invoke(Method.java:498)
	at org.codehaus.plexus.classworlds.launcher.Launcher.launchEnhanced(Launcher.java:289)
	at org.codehaus.plexus.classworlds.launcher.Launcher.launch(Launcher.java:229)
	at org.codehaus.plexus.classworlds.launcher.Launcher.mainWithExitCode(Launcher.java:415)
	at org.codehaus.plexus.classworlds.launcher.Launcher.main(Launcher.java:356)
]]></system-err>
  </testcase>
  <testcase name="testEasy" classname="example.NewTest" time="0">
    <skipped/>
  </testcase>
  <testcase name="afterTest" classname="example.NewTest" time="0">
    <skipped/>
  </testcase>
</testsuite>